<?xml version="1.0" encoding="UTF-8"?>
<testng-results ignored="0" total="1" passed="1" failed="0" skipped="0">
  <reporter-output>
  </reporter-output>
  <suite started-at="2022-09-26T11:18:23 IST" name="Default suite" finished-at="2022-09-26T11:18:23 IST" duration-ms="41">
    <groups>
    </groups>
    <test started-at="2022-09-26T11:18:23 IST" name="Default test" finished-at="2022-09-26T11:18:23 IST" duration-ms="41">
      <class name="AmitPractice.Sample1">
        <test-method signature="display()[pri:0, instance:AmitPractice.Sample1@434a63ab]" started-at="2022-09-26T11:18:23 IST" name="display" finished-at="2022-09-26T11:18:23 IST" duration-ms="9" status="PASS">
          <reporter-output>
          </reporter-output>
        </test-method> <!-- display -->
      </class> <!-- AmitPractice.Sample1 -->
    </test> <!-- Default test -->
  </suite> <!-- Default suite -->
</testng-results>
